{"/Users/clayton/Documents/muv/.jest/setup.js": {"path":"/Users/clayton/Documents/muv/.jest/setup.js","statementMap":{"0":{"start":{"line":6,"column":0},"end":{"line":6,"column":38}},"1":{"start":{"line":8,"column":0},"end":{"line":8,"column":25}},"2":{"start":{"line":9,"column":0},"end":{"line":9,"column":23}},"3":{"start":{"line":10,"column":0},"end":{"line":10,"column":21}}},"fnMap":{},"branchMap":{},"s":{"0":1,"1":1,"2":1,"3":1},"f":{},"b":{},"_coverageSchema":"332fd63041d2c1bcb487cc26dd0d5f7d97098a6c","hash":"36b9393db08614e41b28df95766aa321fc5f7ecc"}
,"/Users/clayton/Documents/muv/src/atoms/_example/index.js": {"path":"/Users/clayton/Documents/muv/src/atoms/_example/index.js","statementMap":{"0":{"start":{"line":7,"column":19},"end":{"line":12,"column":1}},"1":{"start":{"line":8,"column":32},"end":{"line":8,"column":59}},"2":{"start":{"line":9,"column":24},"end":{"line":9,"column":29}},"3":{"start":{"line":15,"column":13},"end":{"line":17,"column":1}},"4":{"start":{"line":16,"column":2},"end":{"line":16,"column":27}},"5":{"start":{"line":20,"column":0},"end":{"line":24,"column":2}},"6":{"start":{"line":26,"column":0},"end":{"line":30,"column":2}}},"fnMap":{"0":{"name":"(anonymous_0)","decl":{"start":{"line":8,"column":15},"end":{"line":8,"column":16}},"loc":{"start":{"line":8,"column":32},"end":{"line":8,"column":59}},"line":8},"1":{"name":"(anonymous_1)","decl":{"start":{"line":9,"column":9},"end":{"line":9,"column":10}},"loc":{"start":{"line":9,"column":24},"end":{"line":9,"column":29}},"line":9},"2":{"name":"(anonymous_2)","decl":{"start":{"line":15,"column":13},"end":{"line":15,"column":14}},"loc":{"start":{"line":16,"column":2},"end":{"line":16,"column":27}},"line":16}},"branchMap":{"0":{"loc":{"start":{"line":8,"column":32},"end":{"line":8,"column":59}},"type":"cond-expr","locations":[{"start":{"line":8,"column":41},"end":{"line":8,"column":47}},{"start":{"line":8,"column":50},"end":{"line":8,"column":59}}],"line":8}},"s":{"0":1,"1":3,"2":3,"3":1,"4":3,"5":1,"6":1},"f":{"0":3,"1":3,"2":3},"b":{"0":[1,2]},"_coverageSchema":"332fd63041d2c1bcb487cc26dd0d5f7d97098a6c","hash":"26d7c2d555bc49c9ac93412f6bcfa3c9cf73c925"}
}
